{"/Users/thitipong.c/Documents/WISE/test/7-solutions/7-solutions-test-todo/src/main.tsx": {"path":"/Users/thitipong.c/Documents/WISE/test/7-solutions/7-solutions-test-todo/src/main.tsx","all":true,"statementMap":{"0":{"start":{"line":1,"column":0},"end":{"line":1,"column":35}},"1":{"start":{"line":2,"column":0},"end":{"line":2,"column":40}},"2":{"start":{"line":3,"column":0},"end":{"line":3,"column":70}},"5":{"start":{"line":6,"column":0},"end":{"line":6,"column":44}},"7":{"start":{"line":8,"column":0},"end":{"line":8,"column":22}},"8":{"start":{"line":9,"column":0},"end":{"line":9,"column":19}},"9":{"start":{"line":10,"column":0},"end":{"line":10,"column":51}},"10":{"start":{"line":11,"column":0},"end":{"line":11,"column":59}},"11":{"start":{"line":12,"column":0},"end":{"line":12,"column":42}},"14":{"start":{"line":15,"column":0},"end":{"line":15,"column":29}},"15":{"start":{"line":16,"column":0},"end":{"line":16,"column":12}},"16":{"start":{"line":17,"column":0},"end":{"line":17,"column":14}},"17":{"start":{"line":18,"column":0},"end":{"line":18,"column":27}},"18":{"start":{"line":19,"column":0},"end":{"line":19,"column":26}},"19":{"start":{"line":20,"column":0},"end":{"line":20,"column":33}},"20":{"start":{"line":21,"column":0},"end":{"line":21,"column":29}},"21":{"start":{"line":22,"column":0},"end":{"line":22,"column":3}},"31":{"start":{"line":32,"column":0},"end":{"line":32,"column":51}},"32":{"start":{"line":33,"column":0},"end":{"line":33,"column":44}},"33":{"start":{"line":34,"column":0},"end":{"line":34,"column":48}},"34":{"start":{"line":35,"column":0},"end":{"line":35,"column":14}},"35":{"start":{"line":36,"column":0},"end":{"line":36,"column":16}},"36":{"start":{"line":37,"column":0},"end":{"line":37,"column":51}},"37":{"start":{"line":38,"column":0},"end":{"line":38,"column":21}},"38":{"start":{"line":39,"column":0},"end":{"line":39,"column":40}},"39":{"start":{"line":40,"column":0},"end":{"line":40,"column":17}},"40":{"start":{"line":41,"column":0},"end":{"line":41,"column":4}},"41":{"start":{"line":42,"column":0},"end":{"line":42,"column":1}},"46":{"start":{"line":47,"column":0},"end":{"line":47,"column":18}}},"s":{"0":0,"1":0,"2":0,"5":0,"7":0,"8":0,"9":0,"10":0,"11":0,"14":0,"15":0,"16":0,"17":0,"18":0,"19":0,"20":0,"21":0,"31":0,"32":0,"33":0,"34":0,"35":0,"36":0,"37":0,"38":0,"39":0,"40":0,"41":0,"46":0},"branchMap":{"0":{"type":"branch","line":1,"loc":{"start":{"line":1,"column":992},"end":{"line":47,"column":-482}},"locations":[{"start":{"line":1,"column":992},"end":{"line":47,"column":-482}}]}},"b":{"0":[0]},"fnMap":{"0":{"name":"(empty-report)","decl":{"start":{"line":1,"column":992},"end":{"line":47,"column":-482}},"loc":{"start":{"line":1,"column":992},"end":{"line":47,"column":-482}},"line":1}},"f":{"0":0}}
,"/Users/thitipong.c/Documents/WISE/test/7-solutions/7-solutions-test-todo/src/reportWebVitals.ts": {"path":"/Users/thitipong.c/Documents/WISE/test/7-solutions/7-solutions-test-todo/src/reportWebVitals.ts","all":true,"statementMap":{"0":{"start":{"line":1,"column":0},"end":{"line":1,"column":55}},"1":{"start":{"line":2,"column":0},"end":{"line":2,"column":55}},"2":{"start":{"line":3,"column":0},"end":{"line":3,"column":75}},"3":{"start":{"line":4,"column":0},"end":{"line":4,"column":24}},"4":{"start":{"line":5,"column":0},"end":{"line":5,"column":24}},"5":{"start":{"line":6,"column":0},"end":{"line":6,"column":24}},"6":{"start":{"line":7,"column":0},"end":{"line":7,"column":24}},"7":{"start":{"line":8,"column":0},"end":{"line":8,"column":25}},"8":{"start":{"line":9,"column":0},"end":{"line":9,"column":6}},"9":{"start":{"line":10,"column":0},"end":{"line":10,"column":3}},"10":{"start":{"line":11,"column":0},"end":{"line":11,"column":1}},"12":{"start":{"line":13,"column":0},"end":{"line":13,"column":30}}},"s":{"0":0,"1":0,"2":0,"3":0,"4":0,"5":0,"6":0,"7":0,"8":0,"9":0,"10":0,"12":0},"branchMap":{"0":{"type":"branch","line":1,"loc":{"start":{"line":1,"column":0},"end":{"line":13,"column":15}},"locations":[{"start":{"line":1,"column":0},"end":{"line":13,"column":15}}]}},"b":{"0":[0]},"fnMap":{"0":{"name":"(empty-report)","decl":{"start":{"line":1,"column":0},"end":{"line":13,"column":15}},"loc":{"start":{"line":1,"column":0},"end":{"line":13,"column":15}},"line":1}},"f":{"0":0}}
,"/Users/thitipong.c/Documents/WISE/test/7-solutions/7-solutions-test-todo/src/routeTree.gen.ts": {"path":"/Users/thitipong.c/Documents/WISE/test/7-solutions/7-solutions-test-todo/src/routeTree.gen.ts","all":true,"statementMap":{"12":{"start":{"line":13,"column":0},"end":{"line":13,"column":52}},"13":{"start":{"line":14,"column":0},"end":{"line":14,"column":52}},"14":{"start":{"line":15,"column":0},"end":{"line":15,"column":63}},"15":{"start":{"line":16,"column":0},"end":{"line":16,"column":77}},"19":{"start":{"line":20,"column":0},"end":{"line":20,"column":37}},"20":{"start":{"line":21,"column":0},"end":{"line":21,"column":15}},"21":{"start":{"line":22,"column":0},"end":{"line":22,"column":34}},"22":{"start":{"line":23,"column":0},"end":{"line":23,"column":9}},"24":{"start":{"line":25,"column":0},"end":{"line":25,"column":47}},"25":{"start":{"line":26,"column":0},"end":{"line":26,"column":10}},"26":{"start":{"line":27,"column":0},"end":{"line":27,"column":12}},"27":{"start":{"line":28,"column":0},"end":{"line":28,"column":34}},"28":{"start":{"line":29,"column":0},"end":{"line":29,"column":9}},"30":{"start":{"line":31,"column":0},"end":{"line":31,"column":59}},"31":{"start":{"line":32,"column":0},"end":{"line":32,"column":23}},"32":{"start":{"line":33,"column":0},"end":{"line":33,"column":25}},"33":{"start":{"line":34,"column":0},"end":{"line":34,"column":34}},"34":{"start":{"line":35,"column":0},"end":{"line":35,"column":9}},"71":{"start":{"line":72,"column":0},"end":{"line":72,"column":46}},"72":{"start":{"line":73,"column":0},"end":{"line":73,"column":45}},"73":{"start":{"line":74,"column":0},"end":{"line":74,"column":33}},"74":{"start":{"line":75,"column":0},"end":{"line":75,"column":1}},"76":{"start":{"line":77,"column":0},"end":{"line":77,"column":75}},"109":{"start":{"line":110,"column":0},"end":{"line":110,"column":46}},"110":{"start":{"line":111,"column":0},"end":{"line":111,"column":35}},"111":{"start":{"line":112,"column":0},"end":{"line":112,"column":1}},"113":{"start":{"line":114,"column":0},"end":{"line":114,"column":34}},"114":{"start":{"line":115,"column":0},"end":{"line":115,"column":38}},"115":{"start":{"line":116,"column":0},"end":{"line":116,"column":34}}},"s":{"12":0,"13":0,"14":0,"15":0,"19":0,"20":0,"21":0,"22":0,"24":0,"25":0,"26":0,"27":0,"28":0,"30":0,"31":0,"32":0,"33":0,"34":0,"71":0,"72":0,"73":0,"74":0,"76":0,"109":0,"110":0,"111":0,"113":0,"114":0,"115":0},"branchMap":{"0":{"type":"branch","line":1,"loc":{"start":{"line":1,"column":3554},"end":{"line":144,"column":21}},"locations":[{"start":{"line":1,"column":3554},"end":{"line":144,"column":21}}]}},"b":{"0":[1]},"fnMap":{"0":{"name":"(empty-report)","decl":{"start":{"line":1,"column":3554},"end":{"line":144,"column":21}},"loc":{"start":{"line":1,"column":3554},"end":{"line":144,"column":21}},"line":1}},"f":{"0":1}}
,"/Users/thitipong.c/Documents/WISE/test/7-solutions/7-solutions-test-todo/src/pages/data-from-api/page.tsx": {"path":"/Users/thitipong.c/Documents/WISE/test/7-solutions/7-solutions-test-todo/src/pages/data-from-api/page.tsx","all":true,"statementMap":{"1":{"start":{"line":2,"column":0},"end":{"line":2,"column":87}},"3":{"start":{"line":4,"column":0},"end":{"line":4,"column":42}},"4":{"start":{"line":5,"column":0},"end":{"line":5,"column":10}},"5":{"start":{"line":6,"column":0},"end":{"line":6,"column":6}},"6":{"start":{"line":7,"column":0},"end":{"line":7,"column":25}},"7":{"start":{"line":8,"column":0},"end":{"line":8,"column":7}},"9":{"start":{"line":10,"column":0},"end":{"line":10,"column":2}}},"s":{"1":0,"3":0,"4":0,"5":0,"6":0,"7":0,"9":0},"branchMap":{"0":{"type":"branch","line":1,"loc":{"start":{"line":1,"column":180},"end":{"line":10,"column":-102}},"locations":[{"start":{"line":1,"column":180},"end":{"line":10,"column":-102}}]}},"b":{"0":[1]},"fnMap":{"0":{"name":"(empty-report)","decl":{"start":{"line":1,"column":180},"end":{"line":10,"column":-102}},"loc":{"start":{"line":1,"column":180},"end":{"line":10,"column":-102}},"line":1}},"f":{"0":1}}
,"/Users/thitipong.c/Documents/WISE/test/7-solutions/7-solutions-test-todo/src/pages/home/page.tsx": {"path":"/Users/thitipong.c/Documents/WISE/test/7-solutions/7-solutions-test-todo/src/pages/home/page.tsx","all":true,"statementMap":{"2":{"start":{"line":3,"column":0},"end":{"line":3,"column":62}},"4":{"start":{"line":5,"column":0},"end":{"line":5,"column":35}},"5":{"start":{"line":6,"column":0},"end":{"line":6,"column":10}},"6":{"start":{"line":7,"column":0},"end":{"line":7,"column":6}},"7":{"start":{"line":8,"column":0},"end":{"line":8,"column":18}},"8":{"start":{"line":9,"column":0},"end":{"line":9,"column":7}},"10":{"start":{"line":11,"column":0},"end":{"line":11,"column":2}}},"s":{"2":0,"4":0,"5":0,"6":0,"7":0,"8":0,"10":0},"branchMap":{"0":{"type":"branch","line":1,"loc":{"start":{"line":1,"column":149},"end":{"line":11,"column":-88}},"locations":[{"start":{"line":1,"column":149},"end":{"line":11,"column":-88}}]}},"b":{"0":[1]},"fnMap":{"0":{"name":"(empty-report)","decl":{"start":{"line":1,"column":149},"end":{"line":11,"column":-88}},"loc":{"start":{"line":1,"column":149},"end":{"line":11,"column":-88}},"line":1}},"f":{"0":1}}
,"/Users/thitipong.c/Documents/WISE/test/7-solutions/7-solutions-test-todo/src/routes/__root.tsx": {"path":"/Users/thitipong.c/Documents/WISE/test/7-solutions/7-solutions-test-todo/src/routes/__root.tsx","all":true,"statementMap":{"0":{"start":{"line":1,"column":0},"end":{"line":1,"column":65}},"1":{"start":{"line":2,"column":0},"end":{"line":2,"column":73}},"3":{"start":{"line":4,"column":0},"end":{"line":4,"column":38}},"4":{"start":{"line":5,"column":0},"end":{"line":5,"column":20}},"5":{"start":{"line":6,"column":0},"end":{"line":6,"column":6}},"6":{"start":{"line":7,"column":0},"end":{"line":7,"column":16}},"7":{"start":{"line":8,"column":0},"end":{"line":8,"column":32}},"8":{"start":{"line":9,"column":0},"end":{"line":9,"column":7}},"10":{"start":{"line":11,"column":0},"end":{"line":11,"column":3}}},"s":{"0":0,"1":0,"3":0,"4":0,"5":0,"6":0,"7":0,"8":0,"10":0},"branchMap":{"0":{"type":"branch","line":1,"loc":{"start":{"line":1,"column":205},"end":{"line":11,"column":-132}},"locations":[{"start":{"line":1,"column":205},"end":{"line":11,"column":-132}}]}},"b":{"0":[0]},"fnMap":{"0":{"name":"(empty-report)","decl":{"start":{"line":1,"column":205},"end":{"line":11,"column":-132}},"loc":{"start":{"line":1,"column":205},"end":{"line":11,"column":-132}},"line":1}},"f":{"0":0}}
,"/Users/thitipong.c/Documents/WISE/test/7-solutions/7-solutions-test-todo/src/routes/_main.tsx": {"path":"/Users/thitipong.c/Documents/WISE/test/7-solutions/7-solutions-test-todo/src/routes/_main.tsx","all":true,"statementMap":{"0":{"start":{"line":1,"column":0},"end":{"line":1,"column":71}},"2":{"start":{"line":3,"column":0},"end":{"line":3,"column":50}},"4":{"start":{"line":5,"column":0},"end":{"line":5,"column":30}},"5":{"start":{"line":6,"column":0},"end":{"line":6,"column":10}},"6":{"start":{"line":7,"column":0},"end":{"line":7,"column":21}},"7":{"start":{"line":8,"column":0},"end":{"line":8,"column":39}},"8":{"start":{"line":9,"column":0},"end":{"line":9,"column":73}},"9":{"start":{"line":10,"column":0},"end":{"line":10,"column":17}},"10":{"start":{"line":11,"column":0},"end":{"line":11,"column":37}},"12":{"start":{"line":13,"column":0},"end":{"line":13,"column":25}},"13":{"start":{"line":14,"column":0},"end":{"line":14,"column":18}},"14":{"start":{"line":15,"column":0},"end":{"line":15,"column":42}},"15":{"start":{"line":16,"column":0},"end":{"line":16,"column":41}},"16":{"start":{"line":17,"column":0},"end":{"line":17,"column":65}},"17":{"start":{"line":18,"column":0},"end":{"line":18,"column":18}},"18":{"start":{"line":19,"column":0},"end":{"line":19,"column":16}},"19":{"start":{"line":20,"column":0},"end":{"line":20,"column":14}},"20":{"start":{"line":21,"column":0},"end":{"line":21,"column":23}},"21":{"start":{"line":22,"column":0},"end":{"line":22,"column":18}},"22":{"start":{"line":23,"column":0},"end":{"line":23,"column":14}},"23":{"start":{"line":24,"column":0},"end":{"line":24,"column":12}},"25":{"start":{"line":26,"column":0},"end":{"line":26,"column":2}},"27":{"start":{"line":28,"column":0},"end":{"line":28,"column":48}},"28":{"start":{"line":29,"column":0},"end":{"line":29,"column":24}},"29":{"start":{"line":30,"column":0},"end":{"line":30,"column":3}}},"s":{"0":0,"2":0,"4":0,"5":0,"6":0,"7":0,"8":0,"9":0,"10":0,"12":0,"13":0,"14":0,"15":0,"16":0,"17":0,"18":0,"19":0,"20":0,"21":0,"22":0,"23":0,"25":0,"27":0,"28":0,"29":0},"branchMap":{"0":{"type":"branch","line":1,"loc":{"start":{"line":1,"column":365},"end":{"line":30,"column":-494}},"locations":[{"start":{"line":1,"column":365},"end":{"line":30,"column":-494}}]}},"b":{"0":[0]},"fnMap":{"0":{"name":"(empty-report)","decl":{"start":{"line":1,"column":365},"end":{"line":30,"column":-494}},"loc":{"start":{"line":1,"column":365},"end":{"line":30,"column":-494}},"line":1}},"f":{"0":0}}
,"/Users/thitipong.c/Documents/WISE/test/7-solutions/7-solutions-test-todo/src/routes/_main/data-from-api.tsx": {"path":"/Users/thitipong.c/Documents/WISE/test/7-solutions/7-solutions-test-todo/src/routes/_main/data-from-api.tsx","all":true,"statementMap":{"0":{"start":{"line":1,"column":0},"end":{"line":1,"column":57}},"1":{"start":{"line":2,"column":0},"end":{"line":2,"column":65}},"3":{"start":{"line":4,"column":0},"end":{"line":4,"column":62}},"4":{"start":{"line":5,"column":0},"end":{"line":5,"column":29}},"5":{"start":{"line":6,"column":0},"end":{"line":6,"column":3}}},"s":{"0":0,"1":0,"3":0,"4":0,"5":0},"branchMap":{"0":{"type":"branch","line":1,"loc":{"start":{"line":1,"column":0},"end":{"line":6,"column":-95}},"locations":[{"start":{"line":1,"column":0},"end":{"line":6,"column":-95}}]}},"b":{"0":[0]},"fnMap":{"0":{"name":"(empty-report)","decl":{"start":{"line":1,"column":0},"end":{"line":6,"column":-95}},"loc":{"start":{"line":1,"column":0},"end":{"line":6,"column":-95}},"line":1}},"f":{"0":0}}
,"/Users/thitipong.c/Documents/WISE/test/7-solutions/7-solutions-test-todo/src/routes/_main/index.tsx": {"path":"/Users/thitipong.c/Documents/WISE/test/7-solutions/7-solutions-test-todo/src/routes/_main/index.tsx","all":true,"statementMap":{"0":{"start":{"line":1,"column":0},"end":{"line":1,"column":57}},"1":{"start":{"line":2,"column":0},"end":{"line":2,"column":49}},"3":{"start":{"line":4,"column":0},"end":{"line":4,"column":49}},"4":{"start":{"line":5,"column":0},"end":{"line":5,"column":22}},"5":{"start":{"line":6,"column":0},"end":{"line":6,"column":3}}},"s":{"0":0,"1":0,"3":0,"4":0,"5":0},"branchMap":{"0":{"type":"branch","line":1,"loc":{"start":{"line":1,"column":0},"end":{"line":6,"column":-75}},"locations":[{"start":{"line":1,"column":0},"end":{"line":6,"column":-75}}]}},"b":{"0":[0]},"fnMap":{"0":{"name":"(empty-report)","decl":{"start":{"line":1,"column":0},"end":{"line":6,"column":-75}},"loc":{"start":{"line":1,"column":0},"end":{"line":6,"column":-75}},"line":1}},"f":{"0":0}}
,"/Users/thitipong.c/Documents/WISE/test/7-solutions/7-solutions-test-todo/src/sections/data-from-api/service/get-user.ts": {"path":"/Users/thitipong.c/Documents/WISE/test/7-solutions/7-solutions-test-todo/src/sections/data-from-api/service/get-user.ts","all":false,"statementMap":{"0":{"start":{"line":1,"column":0},"end":{"line":1,"column":26}},"4":{"start":{"line":5,"column":0},"end":{"line":5,"column":36}},"5":{"start":{"line":6,"column":0},"end":{"line":6,"column":53}},"6":{"start":{"line":7,"column":0},"end":{"line":7,"column":33}},"7":{"start":{"line":8,"column":0},"end":{"line":8,"column":4}},"9":{"start":{"line":10,"column":0},"end":{"line":10,"column":27}},"10":{"start":{"line":11,"column":0},"end":{"line":11,"column":2}}},"s":{"0":1,"4":1,"5":2,"6":2,"7":2,"9":1,"10":1},"branchMap":{"0":{"type":"branch","line":5,"loc":{"start":{"line":5,"column":23},"end":{"line":11,"column":2}},"locations":[{"start":{"line":5,"column":23},"end":{"line":11,"column":2}}]},"1":{"type":"branch","line":8,"loc":{"start":{"line":8,"column":2},"end":{"line":11,"column":2}},"locations":[{"start":{"line":8,"column":2},"end":{"line":11,"column":2}}]}},"b":{"0":[2],"1":[1]},"fnMap":{"0":{"name":"getUser","decl":{"start":{"line":5,"column":23},"end":{"line":11,"column":2}},"loc":{"start":{"line":5,"column":23},"end":{"line":11,"column":2}},"line":5}},"f":{"0":2}}
,"/Users/thitipong.c/Documents/WISE/test/7-solutions/7-solutions-test-todo/src/sections/data-from-api/utils/migrate-data.ts": {"path":"/Users/thitipong.c/Documents/WISE/test/7-solutions/7-solutions-test-todo/src/sections/data-from-api/utils/migrate-data.ts","all":false,"statementMap":{"7":{"start":{"line":8,"column":0},"end":{"line":8,"column":56}},"8":{"start":{"line":9,"column":0},"end":{"line":9,"column":27}},"10":{"start":{"line":11,"column":0},"end":{"line":11,"column":26}},"11":{"start":{"line":12,"column":0},"end":{"line":12,"column":44}},"12":{"start":{"line":13,"column":0},"end":{"line":13,"column":64}},"13":{"start":{"line":14,"column":0},"end":{"line":14,"column":13}},"14":{"start":{"line":15,"column":0},"end":{"line":15,"column":39}},"15":{"start":{"line":16,"column":0},"end":{"line":16,"column":8}},"16":{"start":{"line":17,"column":0},"end":{"line":17,"column":12}},"17":{"start":{"line":18,"column":0},"end":{"line":18,"column":71}},"18":{"start":{"line":19,"column":0},"end":{"line":19,"column":16}},"19":{"start":{"line":20,"column":0},"end":{"line":20,"column":18}},"20":{"start":{"line":21,"column":0},"end":{"line":21,"column":44}},"21":{"start":{"line":22,"column":0},"end":{"line":22,"column":17}},"22":{"start":{"line":23,"column":0},"end":{"line":23,"column":24}},"23":{"start":{"line":24,"column":0},"end":{"line":24,"column":9}},"24":{"start":{"line":25,"column":0},"end":{"line":25,"column":5}},"25":{"start":{"line":26,"column":0},"end":{"line":26,"column":5}},"27":{"start":{"line":28,"column":0},"end":{"line":28,"column":16}},"28":{"start":{"line":29,"column":0},"end":{"line":29,"column":2}},"31":{"start":{"line":32,"column":0},"end":{"line":32,"column":40}},"32":{"start":{"line":33,"column":0},"end":{"line":33,"column":14}},"33":{"start":{"line":34,"column":0},"end":{"line":34,"column":31}},"34":{"start":{"line":35,"column":0},"end":{"line":35,"column":29}},"35":{"start":{"line":36,"column":0},"end":{"line":36,"column":17}},"38":{"start":{"line":39,"column":0},"end":{"line":39,"column":31}},"39":{"start":{"line":40,"column":0},"end":{"line":40,"column":13}},"40":{"start":{"line":41,"column":0},"end":{"line":41,"column":10}},"41":{"start":{"line":42,"column":0},"end":{"line":42,"column":15}},"42":{"start":{"line":43,"column":0},"end":{"line":43,"column":3}},"45":{"start":{"line":46,"column":0},"end":{"line":46,"column":54}},"46":{"start":{"line":47,"column":0},"end":{"line":47,"column":34}},"47":{"start":{"line":48,"column":0},"end":{"line":48,"column":41}},"48":{"start":{"line":49,"column":0},"end":{"line":49,"column":3}},"49":{"start":{"line":50,"column":0},"end":{"line":50,"column":34}},"50":{"start":{"line":51,"column":0},"end":{"line":51,"column":41}},"51":{"start":{"line":52,"column":0},"end":{"line":52,"column":3}},"54":{"start":{"line":55,"column":0},"end":{"line":55,"column":34}},"55":{"start":{"line":56,"column":0},"end":{"line":56,"column":30}},"56":{"start":{"line":57,"column":0},"end":{"line":57,"column":10}},"57":{"start":{"line":58,"column":0},"end":{"line":58,"column":32}},"58":{"start":{"line":59,"column":0},"end":{"line":59,"column":3}},"61":{"start":{"line":62,"column":0},"end":{"line":62,"column":79}},"63":{"start":{"line":64,"column":0},"end":{"line":64,"column":11}},"64":{"start":{"line":65,"column":0},"end":{"line":65,"column":2}}},"s":{"7":1,"8":2,"10":2,"11":10,"12":4,"13":4,"14":4,"15":4,"16":10,"17":6,"18":6,"19":6,"20":6,"21":6,"22":6,"23":6,"24":6,"25":2,"27":2,"28":2,"31":1,"32":12,"33":12,"34":12,"35":12,"38":12,"39":2,"40":12,"41":10,"42":10,"45":12,"46":12,"47":2,"48":2,"49":12,"50":2,"51":2,"54":12,"55":4,"56":12,"57":8,"58":8,"61":12,"63":12,"64":12},"branchMap":{"0":{"type":"branch","line":8,"loc":{"start":{"line":8,"column":27},"end":{"line":29,"column":2}},"locations":[{"start":{"line":8,"column":27},"end":{"line":29,"column":2}}]},"1":{"type":"branch","line":11,"loc":{"start":{"line":11,"column":15},"end":{"line":26,"column":3}},"locations":[{"start":{"line":11,"column":15},"end":{"line":26,"column":3}}]},"2":{"type":"branch","line":12,"loc":{"start":{"line":12,"column":43},"end":{"line":17,"column":11}},"locations":[{"start":{"line":12,"column":43},"end":{"line":17,"column":11}}]},"3":{"type":"branch","line":17,"loc":{"start":{"line":17,"column":4},"end":{"line":25,"column":5}},"locations":[{"start":{"line":17,"column":4},"end":{"line":25,"column":5}}]},"4":{"type":"branch","line":32,"loc":{"start":{"line":32,"column":39},"end":{"line":65,"column":2}},"locations":[{"start":{"line":32,"column":39},"end":{"line":65,"column":2}}]},"5":{"type":"branch","line":39,"loc":{"start":{"line":39,"column":30},"end":{"line":41,"column":9}},"locations":[{"start":{"line":39,"column":30},"end":{"line":41,"column":9}}]},"6":{"type":"branch","line":41,"loc":{"start":{"line":41,"column":2},"end":{"line":43,"column":3}},"locations":[{"start":{"line":41,"column":2},"end":{"line":43,"column":3}}]},"7":{"type":"branch","line":47,"loc":{"start":{"line":47,"column":33},"end":{"line":49,"column":3}},"locations":[{"start":{"line":47,"column":33},"end":{"line":49,"column":3}}]},"8":{"type":"branch","line":50,"loc":{"start":{"line":50,"column":33},"end":{"line":52,"column":3}},"locations":[{"start":{"line":50,"column":33},"end":{"line":52,"column":3}}]},"9":{"type":"branch","line":55,"loc":{"start":{"line":55,"column":33},"end":{"line":57,"column":9}},"locations":[{"start":{"line":55,"column":33},"end":{"line":57,"column":9}}]},"10":{"type":"branch","line":57,"loc":{"start":{"line":57,"column":2},"end":{"line":59,"column":3}},"locations":[{"start":{"line":57,"column":2},"end":{"line":59,"column":3}}]}},"b":{"0":[2],"1":[10],"2":[4],"3":[6],"4":[12],"5":[2],"6":[10],"7":[2],"8":[2],"9":[4],"10":[8]},"fnMap":{"0":{"name":"migrateData","decl":{"start":{"line":8,"column":27},"end":{"line":29,"column":2}},"loc":{"start":{"line":8,"column":27},"end":{"line":29,"column":2}},"line":8},"1":{"name":"addUserDataToDepartment","decl":{"start":{"line":32,"column":39},"end":{"line":65,"column":2}},"loc":{"start":{"line":32,"column":39},"end":{"line":65,"column":2}},"line":32}},"f":{"0":2,"1":12}}
,"/Users/thitipong.c/Documents/WISE/test/7-solutions/7-solutions-test-todo/src/sections/data-from-api/view/data-from-api-view.tsx": {"path":"/Users/thitipong.c/Documents/WISE/test/7-solutions/7-solutions-test-todo/src/sections/data-from-api/view/data-from-api-view.tsx","all":false,"statementMap":{"0":{"start":{"line":1,"column":0},"end":{"line":1,"column":53}},"2":{"start":{"line":3,"column":0},"end":{"line":3,"column":47}},"3":{"start":{"line":4,"column":0},"end":{"line":4,"column":52}},"4":{"start":{"line":5,"column":0},"end":{"line":5,"column":46}},"6":{"start":{"line":7,"column":0},"end":{"line":7,"column":42}},"7":{"start":{"line":8,"column":0},"end":{"line":8,"column":50}},"8":{"start":{"line":9,"column":0},"end":{"line":9,"column":48}},"10":{"start":{"line":11,"column":0},"end":{"line":11,"column":31}},"11":{"start":{"line":12,"column":0},"end":{"line":12,"column":9}},"12":{"start":{"line":13,"column":0},"end":{"line":13,"column":23}},"13":{"start":{"line":14,"column":0},"end":{"line":14,"column":39}},"15":{"start":{"line":16,"column":0},"end":{"line":16,"column":52}},"17":{"start":{"line":18,"column":0},"end":{"line":18,"column":32}},"18":{"start":{"line":19,"column":0},"end":{"line":19,"column":21}},"19":{"start":{"line":20,"column":0},"end":{"line":20,"column":27}},"20":{"start":{"line":21,"column":0},"end":{"line":21,"column":15}},"21":{"start":{"line":22,"column":0},"end":{"line":22,"column":24}},"22":{"start":{"line":23,"column":0},"end":{"line":23,"column":5}},"23":{"start":{"line":24,"column":0},"end":{"line":24,"column":4}},"25":{"start":{"line":26,"column":0},"end":{"line":26,"column":19}},"26":{"start":{"line":27,"column":0},"end":{"line":27,"column":14}},"27":{"start":{"line":28,"column":0},"end":{"line":28,"column":9}},"29":{"start":{"line":30,"column":0},"end":{"line":30,"column":78}},"31":{"start":{"line":32,"column":0},"end":{"line":32,"column":10}},"32":{"start":{"line":33,"column":0},"end":{"line":33,"column":9}},"33":{"start":{"line":34,"column":0},"end":{"line":34,"column":72}},"34":{"start":{"line":35,"column":0},"end":{"line":35,"column":10}},"36":{"start":{"line":37,"column":0},"end":{"line":37,"column":2}}},"s":{"0":1,"2":1,"3":1,"4":1,"6":1,"7":8,"8":8,"10":8,"11":3,"12":3,"13":3,"15":2,"17":2,"18":3,"19":1,"20":3,"21":3,"22":3,"23":3,"25":8,"26":3,"27":8,"29":8,"31":5,"32":5,"33":5,"34":5,"36":5},"branchMap":{"0":{"type":"branch","line":7,"loc":{"start":{"line":7,"column":35},"end":{"line":37,"column":2}},"locations":[{"start":{"line":7,"column":35},"end":{"line":37,"column":2}}]},"1":{"type":"branch","line":30,"loc":{"start":{"line":30,"column":15},"end":{"line":30,"column":78}},"locations":[{"start":{"line":30,"column":15},"end":{"line":30,"column":78}}]},"2":{"type":"branch","line":30,"loc":{"start":{"line":30,"column":75},"end":{"line":37,"column":2}},"locations":[{"start":{"line":30,"column":75},"end":{"line":37,"column":2}}]},"3":{"type":"branch","line":11,"loc":{"start":{"line":11,"column":18},"end":{"line":24,"column":4}},"locations":[{"start":{"line":11,"column":18},"end":{"line":24,"column":4}}]},"4":{"type":"branch","line":14,"loc":{"start":{"line":14,"column":37},"end":{"line":19,"column":13}},"locations":[{"start":{"line":14,"column":37},"end":{"line":19,"column":13}}]},"5":{"type":"branch","line":19,"loc":{"start":{"line":19,"column":4},"end":{"line":21,"column":6}},"locations":[{"start":{"line":19,"column":4},"end":{"line":21,"column":6}}]},"6":{"type":"branch","line":26,"loc":{"start":{"line":26,"column":12},"end":{"line":28,"column":5}},"locations":[{"start":{"line":26,"column":12},"end":{"line":28,"column":5}}]}},"b":{"0":[8],"1":[3],"2":[5],"3":[3],"4":[2],"5":[1],"6":[3]},"fnMap":{"0":{"name":"DataFromApiView","decl":{"start":{"line":7,"column":35},"end":{"line":37,"column":2}},"loc":{"start":{"line":7,"column":35},"end":{"line":37,"column":2}},"line":7},"1":{"name":"getData","decl":{"start":{"line":11,"column":18},"end":{"line":24,"column":4}},"loc":{"start":{"line":11,"column":18},"end":{"line":24,"column":4}},"line":11}},"f":{"0":8,"1":3}}
,"/Users/thitipong.c/Documents/WISE/test/7-solutions/7-solutions-test-todo/src/sections/home/todo-item.tsx": {"path":"/Users/thitipong.c/Documents/WISE/test/7-solutions/7-solutions-test-todo/src/sections/home/todo-item.tsx","all":false,"statementMap":{"0":{"start":{"line":1,"column":0},"end":{"line":1,"column":62}},"9":{"start":{"line":10,"column":0},"end":{"line":10,"column":80}},"10":{"start":{"line":11,"column":0},"end":{"line":11,"column":10}},"11":{"start":{"line":12,"column":0},"end":{"line":12,"column":75}},"12":{"start":{"line":13,"column":0},"end":{"line":13,"column":34}},"13":{"start":{"line":14,"column":0},"end":{"line":14,"column":61}},"14":{"start":{"line":15,"column":0},"end":{"line":15,"column":16}},"15":{"start":{"line":16,"column":0},"end":{"line":16,"column":21}},"16":{"start":{"line":17,"column":0},"end":{"line":17,"column":20}},"17":{"start":{"line":18,"column":0},"end":{"line":18,"column":11}},"19":{"start":{"line":20,"column":0},"end":{"line":20,"column":2}}},"s":{"0":1,"9":1,"10":131,"11":131,"12":131,"13":131,"14":131,"15":131,"16":131,"17":131,"19":131},"branchMap":{"0":{"type":"branch","line":10,"loc":{"start":{"line":10,"column":44},"end":{"line":20,"column":2}},"locations":[{"start":{"line":10,"column":44},"end":{"line":20,"column":2}}]}},"b":{"0":[131]},"fnMap":{"0":{"name":"TodoItem","decl":{"start":{"line":10,"column":44},"end":{"line":20,"column":2}},"loc":{"start":{"line":10,"column":44},"end":{"line":20,"column":2}},"line":10}},"f":{"0":131}}
,"/Users/thitipong.c/Documents/WISE/test/7-solutions/7-solutions-test-todo/src/sections/home/todo-list-all.tsx": {"path":"/Users/thitipong.c/Documents/WISE/test/7-solutions/7-solutions-test-todo/src/sections/home/todo-list-all.tsx","all":false,"statementMap":{"2":{"start":{"line":3,"column":0},"end":{"line":3,"column":57}},"3":{"start":{"line":4,"column":0},"end":{"line":4,"column":39}},"10":{"start":{"line":11,"column":0},"end":{"line":11,"column":75}},"11":{"start":{"line":12,"column":0},"end":{"line":12,"column":10}},"12":{"start":{"line":13,"column":0},"end":{"line":13,"column":68}},"13":{"start":{"line":14,"column":0},"end":{"line":14,"column":19}},"14":{"start":{"line":15,"column":0},"end":{"line":15,"column":40}},"15":{"start":{"line":16,"column":0},"end":{"line":16,"column":42}},"16":{"start":{"line":17,"column":0},"end":{"line":17,"column":40}},"17":{"start":{"line":18,"column":0},"end":{"line":18,"column":23}},"18":{"start":{"line":19,"column":0},"end":{"line":19,"column":48}},"19":{"start":{"line":20,"column":0},"end":{"line":20,"column":27}},"20":{"start":{"line":21,"column":0},"end":{"line":21,"column":51}},"21":{"start":{"line":22,"column":0},"end":{"line":22,"column":16}},"22":{"start":{"line":23,"column":0},"end":{"line":23,"column":20}},"23":{"start":{"line":24,"column":0},"end":{"line":24,"column":13}},"24":{"start":{"line":25,"column":0},"end":{"line":25,"column":16}},"25":{"start":{"line":26,"column":0},"end":{"line":26,"column":20}},"26":{"start":{"line":27,"column":0},"end":{"line":27,"column":11}},"28":{"start":{"line":29,"column":0},"end":{"line":29,"column":2}}},"s":{"2":1,"3":1,"10":1,"11":13,"12":13,"13":13,"14":13,"15":13,"16":121,"17":121,"18":121,"19":121,"20":121,"21":121,"22":121,"23":13,"24":13,"25":13,"26":13,"28":13},"branchMap":{"0":{"type":"branch","line":11,"loc":{"start":{"line":11,"column":50},"end":{"line":29,"column":2}},"locations":[{"start":{"line":11,"column":50},"end":{"line":29,"column":2}}]},"1":{"type":"branch","line":16,"loc":{"start":{"line":16,"column":21},"end":{"line":23,"column":20}},"locations":[{"start":{"line":16,"column":21},"end":{"line":23,"column":20}}]},"2":{"type":"branch","line":21,"loc":{"start":{"line":21,"column":25},"end":{"line":21,"column":51}},"locations":[{"start":{"line":21,"column":25},"end":{"line":21,"column":51}}]}},"b":{"0":[13],"1":[121],"2":[5]},"fnMap":{"0":{"name":"TodoListAll","decl":{"start":{"line":11,"column":50},"end":{"line":29,"column":2}},"loc":{"start":{"line":11,"column":50},"end":{"line":29,"column":2}},"line":11},"1":{"name":"onClick","decl":{"start":{"line":21,"column":25},"end":{"line":21,"column":51}},"loc":{"start":{"line":21,"column":25},"end":{"line":21,"column":51}},"line":21}},"f":{"0":13,"1":5}}
,"/Users/thitipong.c/Documents/WISE/test/7-solutions/7-solutions-test-todo/src/sections/home/todo-list-own.tsx": {"path":"/Users/thitipong.c/Documents/WISE/test/7-solutions/7-solutions-test-todo/src/sections/home/todo-list-own.tsx","all":false,"statementMap":{"2":{"start":{"line":3,"column":0},"end":{"line":3,"column":69}},"3":{"start":{"line":4,"column":0},"end":{"line":4,"column":39}},"11":{"start":{"line":12,"column":0},"end":{"line":12,"column":52}},"12":{"start":{"line":13,"column":0},"end":{"line":13,"column":11}},"13":{"start":{"line":14,"column":0},"end":{"line":14,"column":8}},"14":{"start":{"line":15,"column":0},"end":{"line":15,"column":13}},"15":{"start":{"line":16,"column":0},"end":{"line":16,"column":7}},"16":{"start":{"line":17,"column":0},"end":{"line":17,"column":10}},"17":{"start":{"line":18,"column":0},"end":{"line":18,"column":68}},"18":{"start":{"line":19,"column":0},"end":{"line":19,"column":37}},"19":{"start":{"line":20,"column":0},"end":{"line":20,"column":19}},"20":{"start":{"line":21,"column":0},"end":{"line":21,"column":40}},"21":{"start":{"line":22,"column":0},"end":{"line":22,"column":42}},"22":{"start":{"line":23,"column":0},"end":{"line":23,"column":40}},"23":{"start":{"line":24,"column":0},"end":{"line":24,"column":23}},"24":{"start":{"line":25,"column":0},"end":{"line":25,"column":56}},"25":{"start":{"line":26,"column":0},"end":{"line":26,"column":27}},"26":{"start":{"line":27,"column":0},"end":{"line":27,"column":54}},"27":{"start":{"line":28,"column":0},"end":{"line":28,"column":16}},"28":{"start":{"line":29,"column":0},"end":{"line":29,"column":20}},"29":{"start":{"line":30,"column":0},"end":{"line":30,"column":13}},"30":{"start":{"line":31,"column":0},"end":{"line":31,"column":16}},"31":{"start":{"line":32,"column":0},"end":{"line":32,"column":20}},"32":{"start":{"line":33,"column":0},"end":{"line":33,"column":11}},"34":{"start":{"line":35,"column":0},"end":{"line":35,"column":2}}},"s":{"2":1,"3":1,"11":1,"12":25,"13":25,"14":25,"15":25,"16":25,"17":25,"18":25,"19":25,"20":25,"21":25,"22":8,"23":8,"24":8,"25":8,"26":8,"27":8,"28":8,"29":25,"30":25,"31":25,"32":25,"34":25},"branchMap":{"0":{"type":"branch","line":12,"loc":{"start":{"line":12,"column":50},"end":{"line":35,"column":2}},"locations":[{"start":{"line":12,"column":50},"end":{"line":35,"column":2}}]},"1":{"type":"branch","line":22,"loc":{"start":{"line":22,"column":21},"end":{"line":29,"column":20}},"locations":[{"start":{"line":22,"column":21},"end":{"line":29,"column":20}}]},"2":{"type":"branch","line":27,"loc":{"start":{"line":27,"column":25},"end":{"line":27,"column":54}},"locations":[{"start":{"line":27,"column":25},"end":{"line":27,"column":54}}]}},"b":{"0":[25],"1":[8],"2":[2]},"fnMap":{"0":{"name":"TodoListOwn","decl":{"start":{"line":12,"column":50},"end":{"line":35,"column":2}},"loc":{"start":{"line":12,"column":50},"end":{"line":35,"column":2}},"line":12},"1":{"name":"onClick","decl":{"start":{"line":27,"column":25},"end":{"line":27,"column":54}},"loc":{"start":{"line":27,"column":25},"end":{"line":27,"column":54}},"line":27}},"f":{"0":25,"1":2}}
,"/Users/thitipong.c/Documents/WISE/test/7-solutions/7-solutions-test-todo/src/sections/home/view/todo-view.tsx": {"path":"/Users/thitipong.c/Documents/WISE/test/7-solutions/7-solutions-test-todo/src/sections/home/view/todo-view.tsx","all":false,"statementMap":{"0":{"start":{"line":1,"column":0},"end":{"line":1,"column":38}},"1":{"start":{"line":2,"column":0},"end":{"line":2,"column":50}},"3":{"start":{"line":4,"column":0},"end":{"line":4,"column":47}},"4":{"start":{"line":5,"column":0},"end":{"line":5,"column":47}},"6":{"start":{"line":7,"column":0},"end":{"line":7,"column":35}},"7":{"start":{"line":8,"column":0},"end":{"line":8,"column":78}},"8":{"start":{"line":9,"column":0},"end":{"line":9,"column":49}},"9":{"start":{"line":10,"column":0},"end":{"line":10,"column":72}},"10":{"start":{"line":11,"column":0},"end":{"line":11,"column":64}},"12":{"start":{"line":13,"column":0},"end":{"line":13,"column":56}},"13":{"start":{"line":14,"column":0},"end":{"line":14,"column":66}},"14":{"start":{"line":15,"column":0},"end":{"line":15,"column":31}},"15":{"start":{"line":16,"column":0},"end":{"line":16,"column":61}},"16":{"start":{"line":17,"column":0},"end":{"line":17,"column":12}},"17":{"start":{"line":18,"column":0},"end":{"line":18,"column":57}},"18":{"start":{"line":19,"column":0},"end":{"line":19,"column":5}},"20":{"start":{"line":21,"column":0},"end":{"line":21,"column":38}},"21":{"start":{"line":22,"column":0},"end":{"line":22,"column":31}},"22":{"start":{"line":23,"column":0},"end":{"line":23,"column":13}},"24":{"start":{"line":25,"column":0},"end":{"line":25,"column":48}},"25":{"start":{"line":26,"column":0},"end":{"line":26,"column":4}},"27":{"start":{"line":28,"column":0},"end":{"line":28,"column":59}},"28":{"start":{"line":29,"column":0},"end":{"line":29,"column":45}},"29":{"start":{"line":30,"column":0},"end":{"line":30,"column":40}},"30":{"start":{"line":31,"column":0},"end":{"line":31,"column":15}},"32":{"start":{"line":33,"column":0},"end":{"line":33,"column":39}},"33":{"start":{"line":34,"column":0},"end":{"line":34,"column":53}},"34":{"start":{"line":35,"column":0},"end":{"line":35,"column":40}},"35":{"start":{"line":36,"column":0},"end":{"line":36,"column":6}},"37":{"start":{"line":38,"column":0},"end":{"line":38,"column":31}},"38":{"start":{"line":39,"column":0},"end":{"line":39,"column":77}},"39":{"start":{"line":40,"column":0},"end":{"line":40,"column":12}},"40":{"start":{"line":41,"column":0},"end":{"line":41,"column":73}},"41":{"start":{"line":42,"column":0},"end":{"line":42,"column":5}},"42":{"start":{"line":43,"column":0},"end":{"line":43,"column":50}},"43":{"start":{"line":44,"column":0},"end":{"line":44,"column":4}},"45":{"start":{"line":46,"column":0},"end":{"line":46,"column":10}},"46":{"start":{"line":47,"column":0},"end":{"line":47,"column":33}},"47":{"start":{"line":48,"column":0},"end":{"line":48,"column":22}},"48":{"start":{"line":49,"column":0},"end":{"line":49,"column":57}},"49":{"start":{"line":50,"column":0},"end":{"line":50,"column":14}},"50":{"start":{"line":51,"column":0},"end":{"line":51,"column":22}},"51":{"start":{"line":52,"column":0},"end":{"line":52,"column":20}},"52":{"start":{"line":53,"column":0},"end":{"line":53,"column":26}},"53":{"start":{"line":54,"column":0},"end":{"line":54,"column":28}},"54":{"start":{"line":55,"column":0},"end":{"line":55,"column":35}},"55":{"start":{"line":56,"column":0},"end":{"line":56,"column":10}},"56":{"start":{"line":57,"column":0},"end":{"line":57,"column":14}},"57":{"start":{"line":58,"column":0},"end":{"line":58,"column":22}},"58":{"start":{"line":59,"column":0},"end":{"line":59,"column":20}},"59":{"start":{"line":60,"column":0},"end":{"line":60,"column":30}},"60":{"start":{"line":61,"column":0},"end":{"line":61,"column":32}},"61":{"start":{"line":62,"column":0},"end":{"line":62,"column":35}},"62":{"start":{"line":63,"column":0},"end":{"line":63,"column":10}},"63":{"start":{"line":64,"column":0},"end":{"line":64,"column":14}},"64":{"start":{"line":65,"column":0},"end":{"line":65,"column":12}},"66":{"start":{"line":67,"column":0},"end":{"line":67,"column":2}},"69":{"start":{"line":70,"column":0},"end":{"line":70,"column":40}},"70":{"start":{"line":71,"column":0},"end":{"line":71,"column":3}},"71":{"start":{"line":72,"column":0},"end":{"line":72,"column":18}},"72":{"start":{"line":73,"column":0},"end":{"line":73,"column":18}},"73":{"start":{"line":74,"column":0},"end":{"line":74,"column":4}},"74":{"start":{"line":75,"column":0},"end":{"line":75,"column":3}},"75":{"start":{"line":76,"column":0},"end":{"line":76,"column":22}},"76":{"start":{"line":77,"column":0},"end":{"line":77,"column":21}},"77":{"start":{"line":78,"column":0},"end":{"line":78,"column":4}},"78":{"start":{"line":79,"column":0},"end":{"line":79,"column":3}},"79":{"start":{"line":80,"column":0},"end":{"line":80,"column":22}},"80":{"start":{"line":81,"column":0},"end":{"line":81,"column":21}},"81":{"start":{"line":82,"column":0},"end":{"line":82,"column":4}},"82":{"start":{"line":83,"column":0},"end":{"line":83,"column":3}},"83":{"start":{"line":84,"column":0},"end":{"line":84,"column":18}},"84":{"start":{"line":85,"column":0},"end":{"line":85,"column":19}},"85":{"start":{"line":86,"column":0},"end":{"line":86,"column":4}},"86":{"start":{"line":87,"column":0},"end":{"line":87,"column":3}},"87":{"start":{"line":88,"column":0},"end":{"line":88,"column":22}},"88":{"start":{"line":89,"column":0},"end":{"line":89,"column":19}},"89":{"start":{"line":90,"column":0},"end":{"line":90,"column":4}},"90":{"start":{"line":91,"column":0},"end":{"line":91,"column":3}},"91":{"start":{"line":92,"column":0},"end":{"line":92,"column":18}},"92":{"start":{"line":93,"column":0},"end":{"line":93,"column":19}},"93":{"start":{"line":94,"column":0},"end":{"line":94,"column":4}},"94":{"start":{"line":95,"column":0},"end":{"line":95,"column":3}},"95":{"start":{"line":96,"column":0},"end":{"line":96,"column":18}},"96":{"start":{"line":97,"column":0},"end":{"line":97,"column":18}},"97":{"start":{"line":98,"column":0},"end":{"line":98,"column":4}},"98":{"start":{"line":99,"column":0},"end":{"line":99,"column":3}},"99":{"start":{"line":100,"column":0},"end":{"line":100,"column":18}},"100":{"start":{"line":101,"column":0},"end":{"line":101,"column":22}},"101":{"start":{"line":102,"column":0},"end":{"line":102,"column":4}},"102":{"start":{"line":103,"column":0},"end":{"line":103,"column":3}},"103":{"start":{"line":104,"column":0},"end":{"line":104,"column":22}},"104":{"start":{"line":105,"column":0},"end":{"line":105,"column":21}},"105":{"start":{"line":106,"column":0},"end":{"line":106,"column":4}},"106":{"start":{"line":107,"column":0},"end":{"line":107,"column":3}},"107":{"start":{"line":108,"column":0},"end":{"line":108,"column":18}},"108":{"start":{"line":109,"column":0},"end":{"line":109,"column":23}},"109":{"start":{"line":110,"column":0},"end":{"line":110,"column":4}},"110":{"start":{"line":111,"column":0},"end":{"line":111,"column":3}},"111":{"start":{"line":112,"column":0},"end":{"line":112,"column":22}},"112":{"start":{"line":113,"column":0},"end":{"line":113,"column":19}},"113":{"start":{"line":114,"column":0},"end":{"line":114,"column":4}},"114":{"start":{"line":115,"column":0},"end":{"line":115,"column":2}}},"s":{"0":1,"1":1,"3":1,"4":1,"6":1,"7":11,"8":11,"9":11,"10":11,"12":11,"13":4,"14":4,"15":1,"16":4,"17":3,"18":3,"20":4,"21":3,"22":4,"24":4,"25":4,"27":11,"28":4,"29":4,"30":4,"32":4,"33":4,"34":4,"35":4,"37":4,"38":1,"39":4,"40":3,"41":3,"42":4,"43":4,"45":11,"46":11,"47":11,"48":11,"49":11,"50":11,"51":11,"52":11,"53":11,"54":11,"55":11,"56":11,"57":11,"58":11,"59":11,"60":11,"61":11,"62":11,"63":11,"64":11,"66":11,"69":1,"70":1,"71":1,"72":1,"73":1,"74":1,"75":1,"76":1,"77":1,"78":1,"79":1,"80":1,"81":1,"82":1,"83":1,"84":1,"85":1,"86":1,"87":1,"88":1,"89":1,"90":1,"91":1,"92":1,"93":1,"94":1,"95":1,"96":1,"97":1,"98":1,"99":1,"100":1,"101":1,"102":1,"103":1,"104":1,"105":1,"106":1,"107":1,"108":1,"109":1,"110":1,"111":1,"112":1,"113":1,"114":1},"branchMap":{"0":{"type":"branch","line":7,"loc":{"start":{"line":7,"column":28},"end":{"line":67,"column":2}},"locations":[{"start":{"line":7,"column":28},"end":{"line":67,"column":2}}]},"1":{"type":"branch","line":13,"loc":{"start":{"line":13,"column":20},"end":{"line":26,"column":4}},"locations":[{"start":{"line":13,"column":20},"end":{"line":26,"column":4}}]},"2":{"type":"branch","line":15,"loc":{"start":{"line":15,"column":30},"end":{"line":17,"column":11}},"locations":[{"start":{"line":15,"column":30},"end":{"line":17,"column":11}}]},"3":{"type":"branch","line":17,"loc":{"start":{"line":17,"column":4},"end":{"line":19,"column":5}},"locations":[{"start":{"line":17,"column":4},"end":{"line":19,"column":5}}]},"4":{"type":"branch","line":14,"loc":{"start":{"line":14,"column":13},"end":{"line":14,"column":64}},"locations":[{"start":{"line":14,"column":13},"end":{"line":14,"column":64}}]},"5":{"type":"branch","line":14,"loc":{"start":{"line":14,"column":35},"end":{"line":14,"column":63}},"locations":[{"start":{"line":14,"column":35},"end":{"line":14,"column":63}}]},"6":{"type":"branch","line":16,"loc":{"start":{"line":16,"column":24},"end":{"line":16,"column":59}},"locations":[{"start":{"line":16,"column":24},"end":{"line":16,"column":59}}]},"7":{"type":"branch","line":18,"loc":{"start":{"line":18,"column":20},"end":{"line":18,"column":55}},"locations":[{"start":{"line":18,"column":20},"end":{"line":18,"column":55}}]},"8":{"type":"branch","line":21,"loc":{"start":{"line":21,"column":31},"end":{"line":23,"column":7}},"locations":[{"start":{"line":21,"column":31},"end":{"line":23,"column":7}}]},"9":{"type":"branch","line":28,"loc":{"start":{"line":28,"column":23},"end":{"line":44,"column":4}},"locations":[{"start":{"line":28,"column":23},"end":{"line":44,"column":4}}]},"10":{"type":"branch","line":38,"loc":{"start":{"line":38,"column":30},"end":{"line":40,"column":11}},"locations":[{"start":{"line":38,"column":30},"end":{"line":40,"column":11}}]},"11":{"type":"branch","line":40,"loc":{"start":{"line":40,"column":4},"end":{"line":42,"column":5}},"locations":[{"start":{"line":40,"column":4},"end":{"line":42,"column":5}}]},"12":{"type":"branch","line":30,"loc":{"start":{"line":30,"column":6},"end":{"line":30,"column":40}},"locations":[{"start":{"line":30,"column":6},"end":{"line":30,"column":40}}]},"13":{"type":"branch","line":35,"loc":{"start":{"line":35,"column":6},"end":{"line":35,"column":40}},"locations":[{"start":{"line":35,"column":6},"end":{"line":35,"column":40}}]},"14":{"type":"branch","line":41,"loc":{"start":{"line":41,"column":20},"end":{"line":41,"column":71}},"locations":[{"start":{"line":41,"column":20},"end":{"line":41,"column":71}}]},"15":{"type":"branch","line":41,"loc":{"start":{"line":41,"column":42},"end":{"line":41,"column":70}},"locations":[{"start":{"line":41,"column":42},"end":{"line":41,"column":70}}]},"16":{"type":"branch","line":43,"loc":{"start":{"line":43,"column":13},"end":{"line":43,"column":48}},"locations":[{"start":{"line":43,"column":13},"end":{"line":43,"column":48}}]}},"b":{"0":[11],"1":[4],"2":[1],"3":[3],"4":[4],"5":[44],"6":[1],"7":[3],"8":[3],"9":[4],"10":[1],"11":[3],"12":[4],"13":[4],"14":[2],"15":[2],"16":[2]},"fnMap":{"0":{"name":"TodoView","decl":{"start":{"line":7,"column":28},"end":{"line":67,"column":2}},"loc":{"start":{"line":7,"column":28},"end":{"line":67,"column":2}},"line":7},"1":{"name":"onAddTodo","decl":{"start":{"line":13,"column":20},"end":{"line":26,"column":4}},"loc":{"start":{"line":13,"column":20},"end":{"line":26,"column":4}},"line":13},"2":{"name":"onRemoveTodo","decl":{"start":{"line":28,"column":23},"end":{"line":44,"column":4}},"loc":{"start":{"line":28,"column":23},"end":{"line":44,"column":4}},"line":28}},"f":{"0":11,"1":4,"2":4}}
,"/Users/thitipong.c/Documents/WISE/test/7-solutions/7-solutions-test-todo/src/theme/theme.tsx": {"path":"/Users/thitipong.c/Documents/WISE/test/7-solutions/7-solutions-test-todo/src/theme/theme.tsx","all":true,"statementMap":{"0":{"start":{"line":1,"column":0},"end":{"line":1,"column":44}},"2":{"start":{"line":3,"column":0},"end":{"line":3,"column":37}}},"s":{"0":0,"2":0},"branchMap":{"0":{"type":"branch","line":1,"loc":{"start":{"line":1,"column":0},"end":{"line":3,"column":-2}},"locations":[{"start":{"line":1,"column":0},"end":{"line":3,"column":-2}}]}},"b":{"0":[0]},"fnMap":{"0":{"name":"(empty-report)","decl":{"start":{"line":1,"column":0},"end":{"line":3,"column":-2}},"loc":{"start":{"line":1,"column":0},"end":{"line":3,"column":-2}},"line":1}},"f":{"0":0}}
,"/Users/thitipong.c/Documents/WISE/test/7-solutions/7-solutions-test-todo/src/types/todo.ts": {"path":"/Users/thitipong.c/Documents/WISE/test/7-solutions/7-solutions-test-todo/src/types/todo.ts","all":true,"statementMap":{},"s":{},"branchMap":{"0":{"type":"branch","line":1,"loc":{"start":{"line":1,"column":111},"end":{"line":6,"column":2}},"locations":[{"start":{"line":1,"column":111},"end":{"line":6,"column":2}}]}},"b":{"0":[1]},"fnMap":{"0":{"name":"(empty-report)","decl":{"start":{"line":1,"column":111},"end":{"line":6,"column":2}},"loc":{"start":{"line":1,"column":111},"end":{"line":6,"column":2}},"line":1}},"f":{"0":1}}
,"/Users/thitipong.c/Documents/WISE/test/7-solutions/7-solutions-test-todo/src/types/user.ts": {"path":"/Users/thitipong.c/Documents/WISE/test/7-solutions/7-solutions-test-todo/src/types/user.ts","all":true,"statementMap":{},"s":{},"branchMap":{"0":{"type":"branch","line":1,"loc":{"start":{"line":1,"column":1279},"end":{"line":71,"column":60}},"locations":[{"start":{"line":1,"column":1279},"end":{"line":71,"column":60}}]}},"b":{"0":[1]},"fnMap":{"0":{"name":"(empty-report)","decl":{"start":{"line":1,"column":1279},"end":{"line":71,"column":60}},"loc":{"start":{"line":1,"column":1279},"end":{"line":71,"column":60}},"line":1}},"f":{"0":1}}
}
